.\mvnw.cmd : WARNING: A terminally deprecated method in sun.misc.Unsafe has been called
En línea: 1 Carácter: 110
+ ... oot-java\project\auth-service'; .\mvnw.cmd clean compile 2>&1 | Out-F ...
+                                     ~~~~~~~~~~~~~~~~~~~~~~~~~~~~~
    + CategoryInfo          : NotSpecified: (WARNING: A term...has been called:String) [], RemoteException
    + FullyQualifiedErrorId : NativeCommandError
 
WARNING: sun.misc.Unsafe::staticFieldBase has been called by com.google.inject.internal.aop.HiddenClassDefiner 
(file:/C:/Users/USUARIO/.m2/wrapper/dists/apache-maven-3.9.11/03d7e36a140982eea48e22c1dcac01d8862b2550b2939e09a0809bbc5182a5bc/lib/guice-5.1.0-classes.jar)
WARNING: Please consider reporting this to the maintainers of class com.google.inject.internal.aop.HiddenClassDefiner
WARNING: sun.misc.Unsafe::staticFieldBase will be removed in a future release
[INFO] Scanning for projects...
[INFO] 
[INFO] ---------------------< com.sentinel:auth-service >----------------------
[INFO] Building auth-service 0.0.1-SNAPSHOT
[INFO]   from pom.xml
[INFO] --------------------------------[ jar ]---------------------------------
[INFO] 
[INFO] --- clean:3.3.2:clean (default-clean) @ auth-service ---
[INFO] Deleting C:\Users\USUARIO\Documents\RIWI\proyecto_ruta_avanzada\sentinel\project-root-java\project\auth-service\target
[INFO] 
[INFO] --- resources:3.3.1:resources (default-resources) @ auth-service ---
[INFO] Copying 1 resource from src\main\resources to target\classes
[INFO] Copying 1 resource from src\main\resources to target\classes
[INFO] 
[INFO] --- compiler:3.11.0:compile (default-compile) @ auth-service ---
[INFO] Changes detected - recompiling the module! :source
[INFO] Compiling 88 source files with javac [debug release 21] to target\classes
[INFO] -------------------------------------------------------------
[ERROR] COMPILATION ERROR : 
[INFO] -------------------------------------------------------------
[ERROR] /C:/Users/USUARIO/Documents/RIWI/proyecto_ruta_avanzada/sentinel/project-root-java/project/auth-service/src/main/java/com/sentinel/auth/controller/AuthController.java:[25,31] variable authService not initialized in the default constructor
[ERROR] /C:/Users/USUARIO/Documents/RIWI/proyecto_ruta_avanzada/sentinel/project-root-java/project/auth-service/src/main/java/com/sentinel/auth/config/SecurityConfig.java:[37,9] cannot find symbol
  symbol:   variable log
  location: class com.sentinel.auth.config.SecurityConfig
[ERROR] /C:/Users/USUARIO/Documents/RIWI/proyecto_ruta_avanzada/sentinel/project-root-java/project/auth-service/src/main/java/com/sentinel/auth/config/SecurityConfig.java:[72,9] cannot find symbol
  symbol:   variable log
  location: class com.sentinel.auth.config.SecurityConfig
[ERROR] /C:/Users/USUARIO/Documents/RIWI/proyecto_ruta_avanzada/sentinel/project-root-java/project/auth-service/src/main/java/com/sentinel/auth/security/oauth2/OAuth2AuthenticationSuccessHandler.java:[57,9] cannot find symbol
  symbol:   variable log
  location: class com.sentinel.auth.security.oauth2.OAuth2AuthenticationSuccessHandler
[ERROR] /C:/Users/USUARIO/Documents/RIWI/proyecto_ruta_avanzada/sentinel/project-root-java/project/auth-service/src/main/java/com/sentinel/auth/security/oauth2/OAuth2AuthenticationSuccessHandler.java:[67,13] cannot find symbol
  symbol:   variable log
  location: class com.sentinel.auth.security.oauth2.OAuth2AuthenticationSuccessHandler
[ERROR] /C:/Users/USUARIO/Documents/RIWI/proyecto_ruta_avanzada/sentinel/project-root-java/project/auth-service/src/main/java/com/sentinel/auth/security/oauth2/OAuth2AuthenticationSuccessHandler.java:[74,17] cannot find symbol
  symbol:   variable log
  location: class com.sentinel.auth.security.oauth2.OAuth2AuthenticationSuccessHandler
[ERROR] /C:/Users/USUARIO/Documents/RIWI/proyecto_ruta_avanzada/sentinel/project-root-java/project/auth-service/src/main/java/com/sentinel/auth/security/oauth2/OAuth2AuthenticationSuccessHandler.java:[79,13] cannot find symbol
  symbol:   variable log
  location: class com.sentinel.auth.security.oauth2.OAuth2AuthenticationSuccessHandler
[ERROR] /C:/Users/USUARIO/Documents/RIWI/proyecto_ruta_avanzada/sentinel/project-root-java/project/auth-service/src/main/java/com/sentinel/auth/security/oauth2/OAuth2AuthenticationSuccessHandler.java:[88,13] cannot find symbol
  symbol:   variable log
  location: class com.sentinel.auth.security.oauth2.OAuth2AuthenticationSuccessHandler
[ERROR] /C:/Users/USUARIO/Documents/RIWI/proyecto_ruta_avanzada/sentinel/project-root-java/project/auth-service/src/main/java/com/sentinel/auth/security/oauth2/OAuth2AuthenticationSuccessHandler.java:[105,13] cannot find symbol
  symbol:   variable log
  location: class com.sentinel.auth.security.oauth2.OAuth2AuthenticationSuccessHandler
[ERROR] /C:/Users/USUARIO/Documents/RIWI/proyecto_ruta_avanzada/sentinel/project-root-java/project/auth-service/src/main/java/com/sentinel/auth/security/oauth2/OAuth2AuthenticationSuccessHandler.java:[110,13] cannot find symbol
  symbol:   variable log
  location: class com.sentinel.auth.security.oauth2.OAuth2AuthenticationSuccessHandler
[ERROR] /C:/Users/USUARIO/Documents/RIWI/proyecto_ruta_avanzada/sentinel/project-root-java/project/auth-service/src/main/java/com/sentinel/auth/security/oauth2/OAuth2AuthenticationSuccessHandler.java:[131,30] cannot find symbol
  symbol:   method builder()
  location: class com.sentinel.auth.entity.UserEntity
[ERROR] /C:/Users/USUARIO/Documents/RIWI/proyecto_ruta_avanzada/sentinel/project-root-java/project/auth-service/src/main/java/com/sentinel/auth/security/oauth2/OAuth2AuthenticationSuccessHandler.java:[143,13] cannot find symbol
  symbol:   variable log
  location: class com.sentinel.auth.security.oauth2.OAuth2AuthenticationSuccessHandler
[ERROR] /C:/Users/USUARIO/Documents/RIWI/proyecto_ruta_avanzada/sentinel/project-root-java/project/auth-service/src/main/java/com/sentinel/auth/security/oauth2/OAuth2AuthenticationSuccessHandler.java:[157,17] cannot find symbol
  symbol:   variable log
  location: class com.sentinel.auth.security.oauth2.OAuth2AuthenticationSuccessHandler
[ERROR] /C:/Users/USUARIO/Documents/RIWI/proyecto_ruta_avanzada/sentinel/project-root-java/project/auth-service/src/main/java/com/sentinel/auth/security/oauth2/OAuth2AuthenticationSuccessHandler.java:[175,61] cannot find symbol
  symbol:   method builder()
  location: class com.sentinel.auth.entity.RefreshTokenEntity
[ERROR] /C:/Users/USUARIO/Documents/RIWI/proyecto_ruta_avanzada/sentinel/project-root-java/project/auth-service/src/main/java/com/sentinel/auth/security/oauth2/OAuth2AuthenticationSuccessHandler.java:[219,9] cannot find symbol
  symbol:   variable log
  location: class com.sentinel.auth.security.oauth2.OAuth2AuthenticationSuccessHandler
[ERROR] /C:/Users/USUARIO/Documents/RIWI/proyecto_ruta_avanzada/sentinel/project-root-java/project/auth-service/src/main/java/com/sentinel/auth/security/oauth2/OAuth2AuthenticationSuccessHandler.java:[232,9] cannot find symbol
  symbol:   variable log
  location: class com.sentinel.auth.security.oauth2.OAuth2AuthenticationSuccessHandler
[ERROR] /C:/Users/USUARIO/Documents/RIWI/proyecto_ruta_avanzada/sentinel/project-root-java/project/auth-service/src/main/java/com/sentinel/auth/events/AuthEventPublisher.java:[55,13] cannot find symbol
  symbol:   variable log
  location: class com.sentinel.auth.events.AuthEventPublisher
[ERROR] /C:/Users/USUARIO/Documents/RIWI/proyecto_ruta_avanzada/sentinel/project-root-java/project/auth-service/src/main/java/com/sentinel/auth/events/AuthEventPublisher.java:[57,13] cannot find symbol
  symbol:   variable log
  location: class com.sentinel.auth.events.AuthEventPublisher
[ERROR] /C:/Users/USUARIO/Documents/RIWI/proyecto_ruta_avanzada/sentinel/project-root-java/project/auth-service/src/main/java/com/sentinel/auth/events/AuthEventPublisher.java:[75,13] cannot find symbol
  symbol:   variable log
  location: class com.sentinel.auth.events.AuthEventPublisher
[ERROR] /C:/Users/USUARIO/Documents/RIWI/proyecto_ruta_avanzada/sentinel/project-root-java/project/auth-service/src/main/java/com/sentinel/auth/events/AuthEventPublisher.java:[77,13] cannot find symbol
  symbol:   variable log
  location: class com.sentinel.auth.events.AuthEventPublisher
[ERROR] /C:/Users/USUARIO/Documents/RIWI/proyecto_ruta_avanzada/sentinel/project-root-java/project/auth-service/src/main/java/com/sentinel/auth/enums/UserPlan.java:[14,9] constructor UserPlan in enum com.sentinel.auth.enums.UserPlan cannot be applied to given types;
  required: no arguments
  found:    java.lang.String,int,int,int,int,boolean,boolean
  reason: actual and formal argument lists differ in length
[ERROR] /C:/Users/USUARIO/Documents/RIWI/proyecto_ruta_avanzada/sentinel/project-root-java/project/auth-service/src/main/java/com/sentinel/auth/enums/UserPlan.java:[24,10] constructor UserPlan in enum com.sentinel.auth.enums.UserPlan cannot be applied to given types;
  required: no arguments
  found:    java.lang.String,int,int,int,int,boolean,boolean
  reason: actual and formal argument lists differ in length
[ERROR] /C:/Users/USUARIO/Documents/RIWI/proyecto_ruta_avanzada/sentinel/project-root-java/project/auth-service/src/main/java/com/sentinel/auth/enums/UserPlan.java:[34,8] constructor UserPlan in enum com.sentinel.auth.enums.UserPlan cannot be applied to given types;
  required: no arguments
  found:    java.lang.String,int,int,int,int,boolean,boolean
  reason: actual and formal argument lists differ in length
[ERROR] /C:/Users/USUARIO/Documents/RIWI/proyecto_ruta_avanzada/sentinel/project-root-java/project/auth-service/src/main/java/com/sentinel/auth/enums/UserPlan.java:[44,15] constructor UserPlan in enum com.sentinel.auth.enums.UserPlan cannot be applied to given types;
  required: no arguments
  found:    java.lang.String,int,int,int,int,boolean,boolean
  reason: actual and formal argument lists differ in length
[ERROR] /C:/Users/USUARIO/Documents/RIWI/proyecto_ruta_avanzada/sentinel/project-root-java/project/auth-service/src/main/java/com/sentinel/auth/service/impl/EmailServiceImpl.java:[36,13] cannot find symbol
  symbol:   variable log
  location: class com.sentinel.auth.service.impl.EmailServiceImpl
[ERROR] /C:/Users/USUARIO/Documents/RIWI/proyecto_ruta_avanzada/sentinel/project-root-java/project/auth-service/src/main/java/com/sentinel/auth/service/impl/EmailServiceImpl.java:[38,13] cannot find symbol
  symbol:   variable log
  location: class com.sentinel.auth.service.impl.EmailServiceImpl
[ERROR] /C:/Users/USUARIO/Documents/RIWI/proyecto_ruta_avanzada/sentinel/project-root-java/project/auth-service/src/main/java/com/sentinel/auth/service/impl/EmailServiceImpl.java:[54,13] cannot find symbol
  symbol:   variable log
  location: class com.sentinel.auth.service.impl.EmailServiceImpl
[ERROR] /C:/Users/USUARIO/Documents/RIWI/proyecto_ruta_avanzada/sentinel/project-root-java/project/auth-service/src/main/java/com/sentinel/auth/service/impl/EmailServiceImpl.java:[56,13] cannot find symbol
  symbol:   variable log
  location: class com.sentinel.auth.service.impl.EmailServiceImpl
[ERROR] /C:/Users/USUARIO/Documents/RIWI/proyecto_ruta_avanzada/sentinel/project-root-java/project/auth-service/src/main/java/com/sentinel/auth/service/impl/EmailServiceImpl.java:[71,13] cannot find symbol
  symbol:   variable log
  location: class com.sentinel.auth.service.impl.EmailServiceImpl
[ERROR] /C:/Users/USUARIO/Documents/RIWI/proyecto_ruta_avanzada/sentinel/project-root-java/project/auth-service/src/main/java/com/sentinel/auth/service/impl/EmailServiceImpl.java:[73,13] cannot find symbol
  symbol:   variable log
  location: class com.sentinel.auth.service.impl.EmailServiceImpl
[ERROR] /C:/Users/USUARIO/Documents/RIWI/proyecto_ruta_avanzada/sentinel/project-root-java/project/auth-service/src/main/java/com/sentinel/auth/service/impl/EmailServiceImpl.java:[88,13] cannot find symbol
  symbol:   variable log
  location: class com.sentinel.auth.service.impl.EmailServiceImpl
[ERROR] /C:/Users/USUARIO/Documents/RIWI/proyecto_ruta_avanzada/sentinel/project-root-java/project/auth-service/src/main/java/com/sentinel/auth/service/impl/EmailServiceImpl.java:[90,13] cannot find symbol
  symbol:   variable log
  location: class com.sentinel.auth.service.impl.EmailServiceImpl
[ERROR] /C:/Users/USUARIO/Documents/RIWI/proyecto_ruta_avanzada/sentinel/project-root-java/project/auth-service/src/main/java/com/sentinel/auth/scheduler/AuditLogCleanupScheduler.java:[34,9] cannot find symbol
  symbol:   variable log
  location: class com.sentinel.auth.scheduler.AuditLogCleanupScheduler
[ERROR] /C:/Users/USUARIO/Documents/RIWI/proyecto_ruta_avanzada/sentinel/project-root-java/project/auth-service/src/main/java/com/sentinel/auth/scheduler/AuditLogCleanupScheduler.java:[40,13] cannot find symbol
  symbol:   variable log
  location: class com.sentinel.auth.scheduler.AuditLogCleanupScheduler
[ERROR] /C:/Users/USUARIO/Documents/RIWI/proyecto_ruta_avanzada/sentinel/project-root-java/project/auth-service/src/main/java/com/sentinel/auth/scheduler/AuditLogCleanupScheduler.java:[42,13] cannot find symbol
  symbol:   variable log
  location: class com.sentinel.auth.scheduler.AuditLogCleanupScheduler
[ERROR] /C:/Users/USUARIO/Documents/RIWI/proyecto_ruta_avanzada/sentinel/project-root-java/project/auth-service/src/main/java/com/sentinel/auth/controller/UserController.java:[31,9] cannot find symbol
  symbol:   variable log
  location: class com.sentinel.auth.controller.UserController
[ERROR] /C:/Users/USUARIO/Documents/RIWI/proyecto_ruta_avanzada/sentinel/project-root-java/project/auth-service/src/main/java/com/sentinel/auth/controller/UserController.java:[43,9] cannot find symbol
  symbol:   variable log
  location: class com.sentinel.auth.controller.UserController
[ERROR] /C:/Users/USUARIO/Documents/RIWI/proyecto_ruta_avanzada/sentinel/project-root-java/project/auth-service/src/main/java/com/sentinel/auth/service/impl/AuditLogServiceImpl.java:[34,54] cannot find symbol
  symbol:   method builder()
  location: class com.sentinel.auth.entity.AuditLogEntity
[ERROR] /C:/Users/USUARIO/Documents/RIWI/proyecto_ruta_avanzada/sentinel/project-root-java/project/auth-service/src/main/java/com/sentinel/auth/service/impl/AuditLogServiceImpl.java:[46,13] cannot find symbol
  symbol:   variable log
  location: class com.sentinel.auth.service.impl.AuditLogServiceImpl
[ERROR] /C:/Users/USUARIO/Documents/RIWI/proyecto_ruta_avanzada/sentinel/project-root-java/project/auth-service/src/main/java/com/sentinel/auth/service/impl/AuditLogServiceImpl.java:[48,13] cannot find symbol
  symbol:   variable log
  location: class com.sentinel.auth.service.impl.AuditLogServiceImpl
[ERROR] /C:/Users/USUARIO/Documents/RIWI/proyecto_ruta_avanzada/sentinel/project-root-java/project/auth-service/src/main/java/com/sentinel/auth/service/impl/UserServiceImpl.java:[37,31] cannot find symbol
  symbol:   method builder()
  location: class com.sentinel.auth.dto.response.UserResponseDTO
[ERROR] /C:/Users/USUARIO/Documents/RIWI/proyecto_ruta_avanzada/sentinel/project-root-java/project/auth-service/src/main/java/com/sentinel/auth/service/impl/AuthServiceImpl.java:[57,9] cannot find symbol
  symbol:   variable log
  location: class com.sentinel.auth.service.impl.AuthServiceImpl
[ERROR] /C:/Users/USUARIO/Documents/RIWI/proyecto_ruta_avanzada/sentinel/project-root-java/project/auth-service/src/main/java/com/sentinel/auth/service/impl/AuthServiceImpl.java:[57,49] cannot find symbol
  symbol:   method getEmail()
  location: variable req of type com.sentinel.auth.dto.request.RegisterRequest
[ERROR] /C:/Users/USUARIO/Documents/RIWI/proyecto_ruta_avanzada/sentinel/project-root-java/project/auth-service/src/main/java/com/sentinel/auth/service/impl/AuthServiceImpl.java:[59,45] cannot find symbol
  symbol:   method getEmail()
  location: variable req of type com.sentinel.auth.dto.request.RegisterRequest
[ERROR] /C:/Users/USUARIO/Documents/RIWI/proyecto_ruta_avanzada/sentinel/project-root-java/project/auth-service/src/main/java/com/sentinel/auth/service/impl/AuthServiceImpl.java:[61,69] cannot find symbol
  symbol:   method getEmail()
  location: variable req of type com.sentinel.auth.dto.request.RegisterRequest
[ERROR] /C:/Users/USUARIO/Documents/RIWI/proyecto_ruta_avanzada/sentinel/project-root-java/project/auth-service/src/main/java/com/sentinel/auth/service/impl/AuthServiceImpl.java:[65,37] cannot find symbol
  symbol:   method builder()
  location: class com.sentinel.auth.entity.UserEntity
[ERROR] /C:/Users/USUARIO/Documents/RIWI/proyecto_ruta_avanzada/sentinel/project-root-java/project/auth-service/src/main/java/com/sentinel/auth/service/impl/AuthServiceImpl.java:[66,27] cannot find symbol
  symbol:   method getEmail()
  location: variable req of type com.sentinel.auth.dto.request.RegisterRequest
[ERROR] /C:/Users/USUARIO/Documents/RIWI/proyecto_ruta_avanzada/sentinel/project-root-java/project/auth-service/src/main/java/com/sentinel/auth/service/impl/AuthServiceImpl.java:[67,53] cannot find symbol
  symbol:   method getPassword()
  location: variable req of type com.sentinel.auth.dto.request.RegisterRequest
[ERROR] /C:/Users/USUARIO/Documents/RIWI/proyecto_ruta_avanzada/sentinel/project-root-java/project/auth-service/src/main/java/com/sentinel/auth/service/impl/AuthServiceImpl.java:[68,51] cannot find symbol
  symbol:   method getRole()
  location: variable req of type com.sentinel.auth.dto.request.RegisterRequest
[ERROR] /C:/Users/USUARIO/Documents/RIWI/proyecto_ruta_avanzada/sentinel/project-root-java/project/auth-service/src/main/java/com/sentinel/auth/service/impl/AuthServiceImpl.java:[75,9] cannot find symbol
  symbol:   variable log
  location: class com.sentinel.auth.service.impl.AuthServiceImpl
[ERROR] /C:/Users/USUARIO/Documents/RIWI/proyecto_ruta_avanzada/sentinel/project-root-java/project/auth-service/src/main/java/com/sentinel/auth/service/impl/AuthServiceImpl.java:[99,28] cannot find symbol
  symbol:   method builder()
  location: class com.sentinel.auth.dto.response.AuthResponse
[ERROR] /C:/Users/USUARIO/Documents/RIWI/proyecto_ruta_avanzada/sentinel/project-root-java/project/auth-service/src/main/java/com/sentinel/auth/service/impl/AuthServiceImpl.java:[109,9] cannot find symbol
  symbol:   variable log
  location: class com.sentinel.auth.service.impl.AuthServiceImpl
[ERROR] /C:/Users/USUARIO/Documents/RIWI/proyecto_ruta_avanzada/sentinel/project-root-java/project/auth-service/src/main/java/com/sentinel/auth/service/impl/AuthServiceImpl.java:[109,51] cannot find symbol
  symbol:   method getEmail()
  location: variable req of type com.sentinel.auth.dto.request.LoginRequest
[ERROR] /C:/Users/USUARIO/Documents/RIWI/proyecto_ruta_avanzada/sentinel/project-root-java/project/auth-service/src/main/java/com/sentinel/auth/service/impl/AuthServiceImpl.java:[111,57] cannot find symbol
  symbol:   method getEmail()
  location: variable req of type com.sentinel.auth.dto.request.LoginRequest
[ERROR] /C:/Users/USUARIO/Documents/RIWI/proyecto_ruta_avanzada/sentinel/project-root-java/project/auth-service/src/main/java/com/sentinel/auth/service/impl/AuthServiceImpl.java:[131,32] cannot find symbol
  symbol:   method getEmail()
  location: variable req of type com.sentinel.auth.dto.request.LoginRequest
[ERROR] /C:/Users/USUARIO/Documents/RIWI/proyecto_ruta_avanzada/sentinel/project-root-java/project/auth-service/src/main/java/com/sentinel/auth/service/impl/AuthServiceImpl.java:[132,32] cannot find symbol
  symbol:   method getPassword()
  location: variable req of type com.sentinel.auth.dto.request.LoginRequest
[ERROR] /C:/Users/USUARIO/Documents/RIWI/proyecto_ruta_avanzada/sentinel/project-root-java/project/auth-service/src/main/java/com/sentinel/auth/service/impl/AuthServiceImpl.java:[198,9] cannot find symbol
  symbol:   variable log
  location: class com.sentinel.auth.service.impl.AuthServiceImpl
[ERROR] /C:/Users/USUARIO/Documents/RIWI/proyecto_ruta_avanzada/sentinel/project-root-java/project/auth-service/src/main/java/com/sentinel/auth/service/impl/AuthServiceImpl.java:[200,28] cannot find symbol
  symbol:   method builder()
  location: class com.sentinel.auth.dto.response.AuthResponse
[ERROR] /C:/Users/USUARIO/Documents/RIWI/proyecto_ruta_avanzada/sentinel/project-root-java/project/auth-service/src/main/java/com/sentinel/auth/service/impl/AuthServiceImpl.java:[210,9] cannot find symbol
  symbol:   variable log
  location: class com.sentinel.auth.service.impl.AuthServiceImpl
[ERROR] /C:/Users/USUARIO/Documents/RIWI/proyecto_ruta_avanzada/sentinel/project-root-java/project/auth-service/src/main/java/com/sentinel/auth/service/impl/AuthServiceImpl.java:[212,41] cannot find symbol
  symbol:   method getRefreshToken()
  location: variable req of type com.sentinel.auth.dto.request.RefreshTokenRequest
[ERROR] /C:/Users/USUARIO/Documents/RIWI/proyecto_ruta_avanzada/sentinel/project-root-java/project/auth-service/src/main/java/com/sentinel/auth/service/impl/AuthServiceImpl.java:[218,25] cannot find symbol
  symbol:   method getStatus()
  location: variable refreshToken of type com.sentinel.auth.entity.RefreshTokenEntity
[ERROR] /C:/Users/USUARIO/Documents/RIWI/proyecto_ruta_avanzada/sentinel/project-root-java/project/auth-service/src/main/java/com/sentinel/auth/service/impl/AuthServiceImpl.java:[222,25] cannot find symbol
  symbol:   method getStatus()
  location: variable refreshToken of type com.sentinel.auth.entity.RefreshTokenEntity
[ERROR] /C:/Users/USUARIO/Documents/RIWI/proyecto_ruta_avanzada/sentinel/project-root-java/project/auth-service/src/main/java/com/sentinel/auth/service/impl/AuthServiceImpl.java:[227,25] cannot find symbol
  symbol:   method setStatus(com.sentinel.auth.enums.TokenStatus)
  location: variable refreshToken of type com.sentinel.auth.entity.RefreshTokenEntity
[ERROR] /C:/Users/USUARIO/Documents/RIWI/proyecto_ruta_avanzada/sentinel/project-root-java/project/auth-service/src/main/java/com/sentinel/auth/service/impl/AuthServiceImpl.java:[232,63] cannot find symbol
  symbol:   method getUserId()
  location: variable refreshToken of type com.sentinel.auth.entity.RefreshTokenEntity
[ERROR] /C:/Users/USUARIO/Documents/RIWI/proyecto_ruta_avanzada/sentinel/project-root-java/project/auth-service/src/main/java/com/sentinel/auth/service/impl/AuthServiceImpl.java:[234,86] cannot find symbol
  symbol:   method getUserId()
  location: variable refreshToken of type com.sentinel.auth.entity.RefreshTokenEntity
[ERROR] /C:/Users/USUARIO/Documents/RIWI/proyecto_ruta_avanzada/sentinel/project-root-java/project/auth-service/src/main/java/com/sentinel/auth/service/impl/AuthServiceImpl.java:[250,9] cannot find symbol
  symbol:   variable log
  location: class com.sentinel.auth.service.impl.AuthServiceImpl
[ERROR] /C:/Users/USUARIO/Documents/RIWI/proyecto_ruta_avanzada/sentinel/project-root-java/project/auth-service/src/main/java/com/sentinel/auth/service/impl/AuthServiceImpl.java:[252,28] cannot find symbol
  symbol:   method builder()
  location: class com.sentinel.auth.dto.response.AuthResponse
[ERROR] /C:/Users/USUARIO/Documents/RIWI/proyecto_ruta_avanzada/sentinel/project-root-java/project/auth-service/src/main/java/com/sentinel/auth/service/impl/AuthServiceImpl.java:[254,34] cannot find symbol
  symbol:   method getRefreshToken()
  location: variable req of type com.sentinel.auth.dto.request.RefreshTokenRequest
[ERROR] /C:/Users/USUARIO/Documents/RIWI/proyecto_ruta_avanzada/sentinel/project-root-java/project/auth-service/src/main/java/com/sentinel/auth/service/impl/AuthServiceImpl.java:[263,61] cannot find symbol
  symbol:   method builder()
  location: class com.sentinel.auth.entity.RefreshTokenEntity
[ERROR] /C:/Users/USUARIO/Documents/RIWI/proyecto_ruta_avanzada/sentinel/project-root-java/project/auth-service/src/main/java/com/sentinel/auth/scheduler/AccountUnlockScheduler.java:[31,9] cannot find symbol
  symbol:   variable log
  location: class com.sentinel.auth.scheduler.AccountUnlockScheduler
[ERROR] /C:/Users/USUARIO/Documents/RIWI/proyecto_ruta_avanzada/sentinel/project-root-java/project/auth-service/src/main/java/com/sentinel/auth/scheduler/AccountUnlockScheduler.java:[41,17] cannot find symbol
  symbol:   variable log
  location: class com.sentinel.auth.scheduler.AccountUnlockScheduler
[ERROR] /C:/Users/USUARIO/Documents/RIWI/proyecto_ruta_avanzada/sentinel/project-root-java/project/auth-service/src/main/java/com/sentinel/auth/scheduler/AccountUnlockScheduler.java:[44,13] cannot find symbol
  symbol:   variable log
  location: class com.sentinel.auth.scheduler.AccountUnlockScheduler
[ERROR] /C:/Users/USUARIO/Documents/RIWI/proyecto_ruta_avanzada/sentinel/project-root-java/project/auth-service/src/main/java/com/sentinel/auth/controller/TwoFactorAuthController.java:[81,75] cannot find symbol
  symbol:   method getCode()
  location: variable request of type com.sentinel.auth.dto.request.Verify2FARequest
[ERROR] /C:/Users/USUARIO/Documents/RIWI/proyecto_ruta_avanzada/sentinel/project-root-java/project/auth-service/src/main/java/com/sentinel/auth/service/impl/TwoFactorAuthServiceImpl.java:[43,9] cannot find symbol
  symbol:   variable log
  location: class com.sentinel.auth.service.impl.TwoFactorAuthServiceImpl
[ERROR] /C:/Users/USUARIO/Documents/RIWI/proyecto_ruta_avanzada/sentinel/project-root-java/project/auth-service/src/main/java/com/sentinel/auth/service/impl/TwoFactorAuthServiceImpl.java:[73,9] cannot find symbol
  symbol:   variable log
  location: class com.sentinel.auth.service.impl.TwoFactorAuthServiceImpl
[ERROR] /C:/Users/USUARIO/Documents/RIWI/proyecto_ruta_avanzada/sentinel/project-root-java/project/auth-service/src/main/java/com/sentinel/auth/service/impl/TwoFactorAuthServiceImpl.java:[75,38] cannot find symbol
  symbol:   method builder()
  location: class com.sentinel.auth.dto.response.TwoFactorSetupResponse
[ERROR] /C:/Users/USUARIO/Documents/RIWI/proyecto_ruta_avanzada/sentinel/project-root-java/project/auth-service/src/main/java/com/sentinel/auth/service/impl/TwoFactorAuthServiceImpl.java:[87,9] cannot find symbol
  symbol:   variable log
  location: class com.sentinel.auth.service.impl.TwoFactorAuthServiceImpl
[ERROR] /C:/Users/USUARIO/Documents/RIWI/proyecto_ruta_avanzada/sentinel/project-root-java/project/auth-service/src/main/java/com/sentinel/auth/service/impl/TwoFactorAuthServiceImpl.java:[97,27] cannot find symbol
  symbol:   method getSecret()
  location: variable enableRequest of type com.sentinel.auth.dto.request.Enable2FARequest
[ERROR] /C:/Users/USUARIO/Documents/RIWI/proyecto_ruta_avanzada/sentinel/project-root-java/project/auth-service/src/main/java/com/sentinel/auth/service/impl/TwoFactorAuthServiceImpl.java:[102,49] cannot find symbol
  symbol:   method getCode()
  location: variable enableRequest of type com.sentinel.auth.dto.request.Enable2FARequest
[ERROR] /C:/Users/USUARIO/Documents/RIWI/proyecto_ruta_avanzada/sentinel/project-root-java/project/auth-service/src/main/java/com/sentinel/auth/service/impl/TwoFactorAuthServiceImpl.java:[122,9] cannot find symbol
  symbol:   variable log
  location: class com.sentinel.auth.service.impl.TwoFactorAuthServiceImpl
[ERROR] /C:/Users/USUARIO/Documents/RIWI/proyecto_ruta_avanzada/sentinel/project-root-java/project/auth-service/src/main/java/com/sentinel/auth/service/impl/TwoFactorAuthServiceImpl.java:[128,9] cannot find symbol
  symbol:   variable log
  location: class com.sentinel.auth.service.impl.TwoFactorAuthServiceImpl
[ERROR] /C:/Users/USUARIO/Documents/RIWI/proyecto_ruta_avanzada/sentinel/project-root-java/project/auth-service/src/main/java/com/sentinel/auth/service/impl/TwoFactorAuthServiceImpl.java:[159,9] cannot find symbol
  symbol:   variable log
  location: class com.sentinel.auth.service.impl.TwoFactorAuthServiceImpl
[ERROR] /C:/Users/USUARIO/Documents/RIWI/proyecto_ruta_avanzada/sentinel/project-root-java/project/auth-service/src/main/java/com/sentinel/auth/controller/OAuth2Controller.java:[59,9] cannot find symbol
  symbol:   variable log
  location: class com.sentinel.auth.controller.OAuth2Controller
[ERROR] /C:/Users/USUARIO/Documents/RIWI/proyecto_ruta_avanzada/sentinel/project-root-java/project/auth-service/src/main/java/com/sentinel/auth/controller/OAuth2Controller.java:[75,9] cannot find symbol
  symbol:   variable log
  location: class com.sentinel.auth.controller.OAuth2Controller
[ERROR] /C:/Users/USUARIO/Documents/RIWI/proyecto_ruta_avanzada/sentinel/project-root-java/project/auth-service/src/main/java/com/sentinel/auth/controller/OAuth2Controller.java:[89,30] cannot find symbol
  symbol:   method builder()
  location: class com.sentinel.auth.dto.response.OAuth2UserInfo
[ERROR] /C:/Users/USUARIO/Documents/RIWI/proyecto_ruta_avanzada/sentinel/project-root-java/project/auth-service/src/main/java/com/sentinel/auth/controller/OAuth2Controller.java:[105,30] cannot find symbol
  symbol:   method builder()
  location: class com.sentinel.auth.dto.response.OAuth2UserInfo
[ERROR] /C:/Users/USUARIO/Documents/RIWI/proyecto_ruta_avanzada/sentinel/project-root-java/project/auth-service/src/main/java/com/sentinel/auth/service/impl/PasswordResetServiceImpl.java:[51,9] cannot find symbol
  symbol:   variable log
  location: class com.sentinel.auth.service.impl.PasswordResetServiceImpl
[ERROR] /C:/Users/USUARIO/Documents/RIWI/proyecto_ruta_avanzada/sentinel/project-root-java/project/auth-service/src/main/java/com/sentinel/auth/service/impl/PasswordResetServiceImpl.java:[51,63] cannot find symbol
  symbol:   method getEmail()
  location: variable req of type com.sentinel.auth.dto.request.ForgotPasswordRequest
[ERROR] /C:/Users/USUARIO/Documents/RIWI/proyecto_ruta_avanzada/sentinel/project-root-java/project/auth-service/src/main/java/com/sentinel/auth/service/impl/PasswordResetServiceImpl.java:[54,57] cannot find symbol
  symbol:   method getEmail()
  location: variable req of type com.sentinel.auth.dto.request.ForgotPasswordRequest
[ERROR] /C:/Users/USUARIO/Documents/RIWI/proyecto_ruta_avanzada/sentinel/project-root-java/project/auth-service/src/main/java/com/sentinel/auth/service/impl/PasswordResetServiceImpl.java:[56,68] cannot find symbol
  symbol:   method getEmail()
  location: variable req of type com.sentinel.auth.dto.request.ForgotPasswordRequest
[ERROR] /C:/Users/USUARIO/Documents/RIWI/proyecto_ruta_avanzada/sentinel/project-root-java/project/auth-service/src/main/java/com/sentinel/auth/service/impl/PasswordResetServiceImpl.java:[71,71] cannot find symbol
  symbol:   method builder()
  location: class com.sentinel.auth.entity.PasswordResetTokenEntity
[ERROR] /C:/Users/USUARIO/Documents/RIWI/proyecto_ruta_avanzada/sentinel/project-root-java/project/auth-service/src/main/java/com/sentinel/auth/service/impl/PasswordResetServiceImpl.java:[86,13] cannot find symbol
  symbol:   variable log
  location: class com.sentinel.auth.service.impl.PasswordResetServiceImpl
[ERROR] /C:/Users/USUARIO/Documents/RIWI/proyecto_ruta_avanzada/sentinel/project-root-java/project/auth-service/src/main/java/com/sentinel/auth/service/impl/PasswordResetServiceImpl.java:[88,13] cannot find symbol
  symbol:   variable log
  location: class com.sentinel.auth.service.impl.PasswordResetServiceImpl
[ERROR] /C:/Users/USUARIO/Documents/RIWI/proyecto_ruta_avanzada/sentinel/project-root-java/project/auth-service/src/main/java/com/sentinel/auth/service/impl/PasswordResetServiceImpl.java:[104,37] cannot find symbol
  symbol:   method builder()
  location: class com.sentinel.auth.dto.response.PasswordResetResponse
[ERROR] /C:/Users/USUARIO/Documents/RIWI/proyecto_ruta_avanzada/sentinel/project-root-java/project/auth-service/src/main/java/com/sentinel/auth/service/impl/PasswordResetServiceImpl.java:[114,9] cannot find symbol
  symbol:   variable log
  location: class com.sentinel.auth.service.impl.PasswordResetServiceImpl
[ERROR] /C:/Users/USUARIO/Documents/RIWI/proyecto_ruta_avanzada/sentinel/project-root-java/project/auth-service/src/main/java/com/sentinel/auth/service/impl/PasswordResetServiceImpl.java:[117,17] cannot find symbol
  symbol:   method getNewPassword()
  location: variable req of type com.sentinel.auth.dto.request.ResetPasswordRequest
[ERROR] /C:/Users/USUARIO/Documents/RIWI/proyecto_ruta_avanzada/sentinel/project-root-java/project/auth-service/src/main/java/com/sentinel/auth/service/impl/PasswordResetServiceImpl.java:[117,45] cannot find symbol
  symbol:   method getConfirmPassword()
  location: variable req of type com.sentinel.auth.dto.request.ResetPasswordRequest
[ERROR] /C:/Users/USUARIO/Documents/RIWI/proyecto_ruta_avanzada/sentinel/project-root-java/project/auth-service/src/main/java/com/sentinel/auth/service/impl/PasswordResetServiceImpl.java:[123,42] cannot find symbol
  symbol:   method getToken()
  location: variable req of type com.sentinel.auth.dto.request.ResetPasswordRequest
[ERROR] /C:/Users/USUARIO/Documents/RIWI/proyecto_ruta_avanzada/sentinel/project-root-java/project/auth-service/src/main/java/com/sentinel/auth/service/impl/PasswordResetServiceImpl.java:[132,61] cannot find symbol
  symbol:   method getUserId()
  location: variable resetToken of type com.sentinel.auth.entity.PasswordResetTokenEntity
[ERROR] /C:/Users/USUARIO/Documents/RIWI/proyecto_ruta_avanzada/sentinel/project-root-java/project/auth-service/src/main/java/com/sentinel/auth/service/impl/PasswordResetServiceImpl.java:[136,40] cannot find symbol
  symbol:   method getNewPassword()
  location: variable req of type com.sentinel.auth.dto.request.ResetPasswordRequest
[INFO] 100 errors 
[INFO] -------------------------------------------------------------
[INFO] ------------------------------------------------------------------------
[INFO] BUILD FAILURE
[INFO] ------------------------------------------------------------------------
[INFO] Total time:  2.425 s
[INFO] Finished at: 2025-12-07T07:19:38-05:00
[INFO] ------------------------------------------------------------------------
[ERROR] Failed to execute goal org.apache.maven.plugins:maven-compiler-plugin:3.11.0:compile (default-compile) on project auth-service: Compilation failure: Compilation failure: 
[ERROR] /C:/Users/USUARIO/Documents/RIWI/proyecto_ruta_avanzada/sentinel/project-root-java/project/auth-service/src/main/java/com/sentinel/auth/controller/AuthController.java:[25,31] variable authService not initialized in the default constructor
[ERROR] /C:/Users/USUARIO/Documents/RIWI/proyecto_ruta_avanzada/sentinel/project-root-java/project/auth-service/src/main/java/com/sentinel/auth/config/SecurityConfig.java:[37,9] cannot find symbol
[ERROR]   symbol:   variable log
[ERROR]   location: class com.sentinel.auth.config.SecurityConfig
[ERROR] /C:/Users/USUARIO/Documents/RIWI/proyecto_ruta_avanzada/sentinel/project-root-java/project/auth-service/src/main/java/com/sentinel/auth/config/SecurityConfig.java:[72,9] cannot find symbol
[ERROR]   symbol:   variable log
[ERROR]   location: class com.sentinel.auth.config.SecurityConfig
[ERROR] /C:/Users/USUARIO/Documents/RIWI/proyecto_ruta_avanzada/sentinel/project-root-java/project/auth-service/src/main/java/com/sentinel/auth/security/oauth2/OAuth2AuthenticationSuccessHandler.java:[57,9] cannot find symbol
[ERROR]   symbol:   variable log
[ERROR]   location: class com.sentinel.auth.security.oauth2.OAuth2AuthenticationSuccessHandler
[ERROR] /C:/Users/USUARIO/Documents/RIWI/proyecto_ruta_avanzada/sentinel/project-root-java/project/auth-service/src/main/java/com/sentinel/auth/security/oauth2/OAuth2AuthenticationSuccessHandler.java:[67,13] cannot find symbol
[ERROR]   symbol:   variable log
[ERROR]   location: class com.sentinel.auth.security.oauth2.OAuth2AuthenticationSuccessHandler
[ERROR] /C:/Users/USUARIO/Documents/RIWI/proyecto_ruta_avanzada/sentinel/project-root-java/project/auth-service/src/main/java/com/sentinel/auth/security/oauth2/OAuth2AuthenticationSuccessHandler.java:[74,17] cannot find symbol
[ERROR]   symbol:   variable log
[ERROR]   location: class com.sentinel.auth.security.oauth2.OAuth2AuthenticationSuccessHandler
[ERROR] /C:/Users/USUARIO/Documents/RIWI/proyecto_ruta_avanzada/sentinel/project-root-java/project/auth-service/src/main/java/com/sentinel/auth/security/oauth2/OAuth2AuthenticationSuccessHandler.java:[79,13] cannot find symbol
[ERROR]   symbol:   variable log
[ERROR]   location: class com.sentinel.auth.security.oauth2.OAuth2AuthenticationSuccessHandler
[ERROR] /C:/Users/USUARIO/Documents/RIWI/proyecto_ruta_avanzada/sentinel/project-root-java/project/auth-service/src/main/java/com/sentinel/auth/security/oauth2/OAuth2AuthenticationSuccessHandler.java:[88,13] cannot find symbol
[ERROR]   symbol:   variable log
[ERROR]   location: class com.sentinel.auth.security.oauth2.OAuth2AuthenticationSuccessHandler
[ERROR] /C:/Users/USUARIO/Documents/RIWI/proyecto_ruta_avanzada/sentinel/project-root-java/project/auth-service/src/main/java/com/sentinel/auth/security/oauth2/OAuth2AuthenticationSuccessHandler.java:[105,13] cannot find symbol
[ERROR]   symbol:   variable log
[ERROR]   location: class com.sentinel.auth.security.oauth2.OAuth2AuthenticationSuccessHandler
[ERROR] /C:/Users/USUARIO/Documents/RIWI/proyecto_ruta_avanzada/sentinel/project-root-java/project/auth-service/src/main/java/com/sentinel/auth/security/oauth2/OAuth2AuthenticationSuccessHandler.java:[110,13] cannot find symbol
[ERROR]   symbol:   variable log
[ERROR]   location: class com.sentinel.auth.security.oauth2.OAuth2AuthenticationSuccessHandler
[ERROR] /C:/Users/USUARIO/Documents/RIWI/proyecto_ruta_avanzada/sentinel/project-root-java/project/auth-service/src/main/java/com/sentinel/auth/security/oauth2/OAuth2AuthenticationSuccessHandler.java:[131,30] cannot find symbol
[ERROR]   symbol:   method builder()
[ERROR]   location: class com.sentinel.auth.entity.UserEntity
[ERROR] /C:/Users/USUARIO/Documents/RIWI/proyecto_ruta_avanzada/sentinel/project-root-java/project/auth-service/src/main/java/com/sentinel/auth/security/oauth2/OAuth2AuthenticationSuccessHandler.java:[143,13] cannot find symbol
[ERROR]   symbol:   variable log
[ERROR]   location: class com.sentinel.auth.security.oauth2.OAuth2AuthenticationSuccessHandler
[ERROR] /C:/Users/USUARIO/Documents/RIWI/proyecto_ruta_avanzada/sentinel/project-root-java/project/auth-service/src/main/java/com/sentinel/auth/security/oauth2/OAuth2AuthenticationSuccessHandler.java:[157,17] cannot find symbol
[ERROR]   symbol:   variable log
[ERROR]   location: class com.sentinel.auth.security.oauth2.OAuth2AuthenticationSuccessHandler
[ERROR] /C:/Users/USUARIO/Documents/RIWI/proyecto_ruta_avanzada/sentinel/project-root-java/project/auth-service/src/main/java/com/sentinel/auth/security/oauth2/OAuth2AuthenticationSuccessHandler.java:[175,61] cannot find symbol
[ERROR]   symbol:   method builder()
[ERROR]   location: class com.sentinel.auth.entity.RefreshTokenEntity
[ERROR] /C:/Users/USUARIO/Documents/RIWI/proyecto_ruta_avanzada/sentinel/project-root-java/project/auth-service/src/main/java/com/sentinel/auth/security/oauth2/OAuth2AuthenticationSuccessHandler.java:[219,9] cannot find symbol
[ERROR]   symbol:   variable log
[ERROR]   location: class com.sentinel.auth.security.oauth2.OAuth2AuthenticationSuccessHandler
[ERROR] /C:/Users/USUARIO/Documents/RIWI/proyecto_ruta_avanzada/sentinel/project-root-java/project/auth-service/src/main/java/com/sentinel/auth/security/oauth2/OAuth2AuthenticationSuccessHandler.java:[232,9] cannot find symbol
[ERROR]   symbol:   variable log
[ERROR]   location: class com.sentinel.auth.security.oauth2.OAuth2AuthenticationSuccessHandler
[ERROR] /C:/Users/USUARIO/Documents/RIWI/proyecto_ruta_avanzada/sentinel/project-root-java/project/auth-service/src/main/java/com/sentinel/auth/events/AuthEventPublisher.java:[55,13] cannot find symbol
[ERROR]   symbol:   variable log
[ERROR]   location: class com.sentinel.auth.events.AuthEventPublisher
[ERROR] /C:/Users/USUARIO/Documents/RIWI/proyecto_ruta_avanzada/sentinel/project-root-java/project/auth-service/src/main/java/com/sentinel/auth/events/AuthEventPublisher.java:[57,13] cannot find symbol
[ERROR]   symbol:   variable log
[ERROR]   location: class com.sentinel.auth.events.AuthEventPublisher
[ERROR] /C:/Users/USUARIO/Documents/RIWI/proyecto_ruta_avanzada/sentinel/project-root-java/project/auth-service/src/main/java/com/sentinel/auth/events/AuthEventPublisher.java:[75,13] cannot find symbol
[ERROR]   symbol:   variable log
[ERROR]   location: class com.sentinel.auth.events.AuthEventPublisher
[ERROR] /C:/Users/USUARIO/Documents/RIWI/proyecto_ruta_avanzada/sentinel/project-root-java/project/auth-service/src/main/java/com/sentinel/auth/events/AuthEventPublisher.java:[77,13] cannot find symbol
[ERROR]   symbol:   variable log
[ERROR]   location: class com.sentinel.auth.events.AuthEventPublisher
[ERROR] /C:/Users/USUARIO/Documents/RIWI/proyecto_ruta_avanzada/sentinel/project-root-java/project/auth-service/src/main/java/com/sentinel/auth/enums/UserPlan.java:[14,9] constructor UserPlan in enum com.sentinel.auth.enums.UserPlan cannot be applied to given types;
[ERROR]   required: no arguments
[ERROR]   found:    java.lang.String,int,int,int,int,boolean,boolean
[ERROR]   reason: actual and formal argument lists differ in length
[ERROR] /C:/Users/USUARIO/Documents/RIWI/proyecto_ruta_avanzada/sentinel/project-root-java/project/auth-service/src/main/java/com/sentinel/auth/enums/UserPlan.java:[24,10] constructor UserPlan in enum com.sentinel.auth.enums.UserPlan cannot be applied to given types;
[ERROR]   required: no arguments
[ERROR]   found:    java.lang.String,int,int,int,int,boolean,boolean
[ERROR]   reason: actual and formal argument lists differ in length
[ERROR] /C:/Users/USUARIO/Documents/RIWI/proyecto_ruta_avanzada/sentinel/project-root-java/project/auth-service/src/main/java/com/sentinel/auth/enums/UserPlan.java:[34,8] constructor UserPlan in enum com.sentinel.auth.enums.UserPlan cannot be applied to given types;
[ERROR]   required: no arguments
[ERROR]   found:    java.lang.String,int,int,int,int,boolean,boolean
[ERROR]   reason: actual and formal argument lists differ in length
[ERROR] /C:/Users/USUARIO/Documents/RIWI/proyecto_ruta_avanzada/sentinel/project-root-java/project/auth-service/src/main/java/com/sentinel/auth/enums/UserPlan.java:[44,15] constructor UserPlan in enum com.sentinel.auth.enums.UserPlan cannot be applied to given types;
[ERROR]   required: no arguments
[ERROR]   found:    java.lang.String,int,int,int,int,boolean,boolean
[ERROR]   reason: actual and formal argument lists differ in length
[ERROR] /C:/Users/USUARIO/Documents/RIWI/proyecto_ruta_avanzada/sentinel/project-root-java/project/auth-service/src/main/java/com/sentinel/auth/service/impl/EmailServiceImpl.java:[36,13] cannot find symbol
[ERROR]   symbol:   variable log
[ERROR]   location: class com.sentinel.auth.service.impl.EmailServiceImpl
[ERROR] /C:/Users/USUARIO/Documents/RIWI/proyecto_ruta_avanzada/sentinel/project-root-java/project/auth-service/src/main/java/com/sentinel/auth/service/impl/EmailServiceImpl.java:[38,13] cannot find symbol
[ERROR]   symbol:   variable log
[ERROR]   location: class com.sentinel.auth.service.impl.EmailServiceImpl
[ERROR] /C:/Users/USUARIO/Documents/RIWI/proyecto_ruta_avanzada/sentinel/project-root-java/project/auth-service/src/main/java/com/sentinel/auth/service/impl/EmailServiceImpl.java:[54,13] cannot find symbol
[ERROR]   symbol:   variable log
[ERROR]   location: class com.sentinel.auth.service.impl.EmailServiceImpl
[ERROR] /C:/Users/USUARIO/Documents/RIWI/proyecto_ruta_avanzada/sentinel/project-root-java/project/auth-service/src/main/java/com/sentinel/auth/service/impl/EmailServiceImpl.java:[56,13] cannot find symbol
[ERROR]   symbol:   variable log
[ERROR]   location: class com.sentinel.auth.service.impl.EmailServiceImpl
[ERROR] /C:/Users/USUARIO/Documents/RIWI/proyecto_ruta_avanzada/sentinel/project-root-java/project/auth-service/src/main/java/com/sentinel/auth/service/impl/EmailServiceImpl.java:[71,13] cannot find symbol
[ERROR]   symbol:   variable log
[ERROR]   location: class com.sentinel.auth.service.impl.EmailServiceImpl
[ERROR] /C:/Users/USUARIO/Documents/RIWI/proyecto_ruta_avanzada/sentinel/project-root-java/project/auth-service/src/main/java/com/sentinel/auth/service/impl/EmailServiceImpl.java:[73,13] cannot find symbol
[ERROR]   symbol:   variable log
[ERROR]   location: class com.sentinel.auth.service.impl.EmailServiceImpl
[ERROR] /C:/Users/USUARIO/Documents/RIWI/proyecto_ruta_avanzada/sentinel/project-root-java/project/auth-service/src/main/java/com/sentinel/auth/service/impl/EmailServiceImpl.java:[88,13] cannot find symbol
[ERROR]   symbol:   variable log
[ERROR]   location: class com.sentinel.auth.service.impl.EmailServiceImpl
[ERROR] /C:/Users/USUARIO/Documents/RIWI/proyecto_ruta_avanzada/sentinel/project-root-java/project/auth-service/src/main/java/com/sentinel/auth/service/impl/EmailServiceImpl.java:[90,13] cannot find symbol
[ERROR]   symbol:   variable log
[ERROR]   location: class com.sentinel.auth.service.impl.EmailServiceImpl
[ERROR] /C:/Users/USUARIO/Documents/RIWI/proyecto_ruta_avanzada/sentinel/project-root-java/project/auth-service/src/main/java/com/sentinel/auth/scheduler/AuditLogCleanupScheduler.java:[34,9] cannot find symbol
[ERROR]   symbol:   variable log
[ERROR]   location: class com.sentinel.auth.scheduler.AuditLogCleanupScheduler
[ERROR] /C:/Users/USUARIO/Documents/RIWI/proyecto_ruta_avanzada/sentinel/project-root-java/project/auth-service/src/main/java/com/sentinel/auth/scheduler/AuditLogCleanupScheduler.java:[40,13] cannot find symbol
[ERROR]   symbol:   variable log
[ERROR]   location: class com.sentinel.auth.scheduler.AuditLogCleanupScheduler
[ERROR] /C:/Users/USUARIO/Documents/RIWI/proyecto_ruta_avanzada/sentinel/project-root-java/project/auth-service/src/main/java/com/sentinel/auth/scheduler/AuditLogCleanupScheduler.java:[42,13] cannot find symbol
[ERROR]   symbol:   variable log
[ERROR]   location: class com.sentinel.auth.scheduler.AuditLogCleanupScheduler
[ERROR] /C:/Users/USUARIO/Documents/RIWI/proyecto_ruta_avanzada/sentinel/project-root-java/project/auth-service/src/main/java/com/sentinel/auth/controller/UserController.java:[31,9] cannot find symbol
[ERROR]   symbol:   variable log
[ERROR]   location: class com.sentinel.auth.controller.UserController
[ERROR] /C:/Users/USUARIO/Documents/RIWI/proyecto_ruta_avanzada/sentinel/project-root-java/project/auth-service/src/main/java/com/sentinel/auth/controller/UserController.java:[43,9] cannot find symbol
[ERROR]   symbol:   variable log
[ERROR]   location: class com.sentinel.auth.controller.UserController
[ERROR] /C:/Users/USUARIO/Documents/RIWI/proyecto_ruta_avanzada/sentinel/project-root-java/project/auth-service/src/main/java/com/sentinel/auth/service/impl/AuditLogServiceImpl.java:[34,54] cannot find symbol
[ERROR]   symbol:   method builder()
[ERROR]   location: class com.sentinel.auth.entity.AuditLogEntity
[ERROR] /C:/Users/USUARIO/Documents/RIWI/proyecto_ruta_avanzada/sentinel/project-root-java/project/auth-service/src/main/java/com/sentinel/auth/service/impl/AuditLogServiceImpl.java:[46,13] cannot find symbol
[ERROR]   symbol:   variable log
[ERROR]   location: class com.sentinel.auth.service.impl.AuditLogServiceImpl
[ERROR] /C:/Users/USUARIO/Documents/RIWI/proyecto_ruta_avanzada/sentinel/project-root-java/project/auth-service/src/main/java/com/sentinel/auth/service/impl/AuditLogServiceImpl.java:[48,13] cannot find symbol
[ERROR]   symbol:   variable log
[ERROR]   location: class com.sentinel.auth.service.impl.AuditLogServiceImpl
[ERROR] /C:/Users/USUARIO/Documents/RIWI/proyecto_ruta_avanzada/sentinel/project-root-java/project/auth-service/src/main/java/com/sentinel/auth/service/impl/UserServiceImpl.java:[37,31] cannot find symbol
[ERROR]   symbol:   method builder()
[ERROR]   location: class com.sentinel.auth.dto.response.UserResponseDTO
[ERROR] /C:/Users/USUARIO/Documents/RIWI/proyecto_ruta_avanzada/sentinel/project-root-java/project/auth-service/src/main/java/com/sentinel/auth/service/impl/AuthServiceImpl.java:[57,9] cannot find symbol
[ERROR]   symbol:   variable log
[ERROR]   location: class com.sentinel.auth.service.impl.AuthServiceImpl
[ERROR] /C:/Users/USUARIO/Documents/RIWI/proyecto_ruta_avanzada/sentinel/project-root-java/project/auth-service/src/main/java/com/sentinel/auth/service/impl/AuthServiceImpl.java:[57,49] cannot find symbol
[ERROR]   symbol:   method getEmail()
[ERROR]   location: variable req of type com.sentinel.auth.dto.request.RegisterRequest
[ERROR] /C:/Users/USUARIO/Documents/RIWI/proyecto_ruta_avanzada/sentinel/project-root-java/project/auth-service/src/main/java/com/sentinel/auth/service/impl/AuthServiceImpl.java:[59,45] cannot find symbol
[ERROR]   symbol:   method getEmail()
[ERROR]   location: variable req of type com.sentinel.auth.dto.request.RegisterRequest
[ERROR] /C:/Users/USUARIO/Documents/RIWI/proyecto_ruta_avanzada/sentinel/project-root-java/project/auth-service/src/main/java/com/sentinel/auth/service/impl/AuthServiceImpl.java:[61,69] cannot find symbol
[ERROR]   symbol:   method getEmail()
[ERROR]   location: variable req of type com.sentinel.auth.dto.request.RegisterRequest
[ERROR] /C:/Users/USUARIO/Documents/RIWI/proyecto_ruta_avanzada/sentinel/project-root-java/project/auth-service/src/main/java/com/sentinel/auth/service/impl/AuthServiceImpl.java:[65,37] cannot find symbol
[ERROR]   symbol:   method builder()
[ERROR]   location: class com.sentinel.auth.entity.UserEntity
[ERROR] /C:/Users/USUARIO/Documents/RIWI/proyecto_ruta_avanzada/sentinel/project-root-java/project/auth-service/src/main/java/com/sentinel/auth/service/impl/AuthServiceImpl.java:[66,27] cannot find symbol
[ERROR]   symbol:   method getEmail()
[ERROR]   location: variable req of type com.sentinel.auth.dto.request.RegisterRequest
[ERROR] /C:/Users/USUARIO/Documents/RIWI/proyecto_ruta_avanzada/sentinel/project-root-java/project/auth-service/src/main/java/com/sentinel/auth/service/impl/AuthServiceImpl.java:[67,53] cannot find symbol
[ERROR]   symbol:   method getPassword()
[ERROR]   location: variable req of type com.sentinel.auth.dto.request.RegisterRequest
[ERROR] /C:/Users/USUARIO/Documents/RIWI/proyecto_ruta_avanzada/sentinel/project-root-java/project/auth-service/src/main/java/com/sentinel/auth/service/impl/AuthServiceImpl.java:[68,51] cannot find symbol
[ERROR]   symbol:   method getRole()
[ERROR]   location: variable req of type com.sentinel.auth.dto.request.RegisterRequest
[ERROR] /C:/Users/USUARIO/Documents/RIWI/proyecto_ruta_avanzada/sentinel/project-root-java/project/auth-service/src/main/java/com/sentinel/auth/service/impl/AuthServiceImpl.java:[75,9] cannot find symbol
[ERROR]   symbol:   variable log
[ERROR]   location: class com.sentinel.auth.service.impl.AuthServiceImpl
[ERROR] /C:/Users/USUARIO/Documents/RIWI/proyecto_ruta_avanzada/sentinel/project-root-java/project/auth-service/src/main/java/com/sentinel/auth/service/impl/AuthServiceImpl.java:[99,28] cannot find symbol
[ERROR]   symbol:   method builder()
[ERROR]   location: class com.sentinel.auth.dto.response.AuthResponse
[ERROR] /C:/Users/USUARIO/Documents/RIWI/proyecto_ruta_avanzada/sentinel/project-root-java/project/auth-service/src/main/java/com/sentinel/auth/service/impl/AuthServiceImpl.java:[109,9] cannot find symbol
[ERROR]   symbol:   variable log
[ERROR]   location: class com.sentinel.auth.service.impl.AuthServiceImpl
[ERROR] /C:/Users/USUARIO/Documents/RIWI/proyecto_ruta_avanzada/sentinel/project-root-java/project/auth-service/src/main/java/com/sentinel/auth/service/impl/AuthServiceImpl.java:[109,51] cannot find symbol
[ERROR]   symbol:   method getEmail()
[ERROR]   location: variable req of type com.sentinel.auth.dto.request.LoginRequest
[ERROR] /C:/Users/USUARIO/Documents/RIWI/proyecto_ruta_avanzada/sentinel/project-root-java/project/auth-service/src/main/java/com/sentinel/auth/service/impl/AuthServiceImpl.java:[111,57] cannot find symbol
[ERROR]   symbol:   method getEmail()
[ERROR]   location: variable req of type com.sentinel.auth.dto.request.LoginRequest
[ERROR] /C:/Users/USUARIO/Documents/RIWI/proyecto_ruta_avanzada/sentinel/project-root-java/project/auth-service/src/main/java/com/sentinel/auth/service/impl/AuthServiceImpl.java:[131,32] cannot find symbol
[ERROR]   symbol:   method getEmail()
[ERROR]   location: variable req of type com.sentinel.auth.dto.request.LoginRequest
[ERROR] /C:/Users/USUARIO/Documents/RIWI/proyecto_ruta_avanzada/sentinel/project-root-java/project/auth-service/src/main/java/com/sentinel/auth/service/impl/AuthServiceImpl.java:[132,32] cannot find symbol
[ERROR]   symbol:   method getPassword()
[ERROR]   location: variable req of type com.sentinel.auth.dto.request.LoginRequest
[ERROR] /C:/Users/USUARIO/Documents/RIWI/proyecto_ruta_avanzada/sentinel/project-root-java/project/auth-service/src/main/java/com/sentinel/auth/service/impl/AuthServiceImpl.java:[198,9] cannot find symbol
[ERROR]   symbol:   variable log
[ERROR]   location: class com.sentinel.auth.service.impl.AuthServiceImpl
[ERROR] /C:/Users/USUARIO/Documents/RIWI/proyecto_ruta_avanzada/sentinel/project-root-java/project/auth-service/src/main/java/com/sentinel/auth/service/impl/AuthServiceImpl.java:[200,28] cannot find symbol
[ERROR]   symbol:   method builder()
[ERROR]   location: class com.sentinel.auth.dto.response.AuthResponse
[ERROR] /C:/Users/USUARIO/Documents/RIWI/proyecto_ruta_avanzada/sentinel/project-root-java/project/auth-service/src/main/java/com/sentinel/auth/service/impl/AuthServiceImpl.java:[210,9] cannot find symbol
[ERROR]   symbol:   variable log
[ERROR]   location: class com.sentinel.auth.service.impl.AuthServiceImpl
[ERROR] /C:/Users/USUARIO/Documents/RIWI/proyecto_ruta_avanzada/sentinel/project-root-java/project/auth-service/src/main/java/com/sentinel/auth/service/impl/AuthServiceImpl.java:[212,41] cannot find symbol
[ERROR]   symbol:   method getRefreshToken()
[ERROR]   location: variable req of type com.sentinel.auth.dto.request.RefreshTokenRequest
[ERROR] /C:/Users/USUARIO/Documents/RIWI/proyecto_ruta_avanzada/sentinel/project-root-java/project/auth-service/src/main/java/com/sentinel/auth/service/impl/AuthServiceImpl.java:[218,25] cannot find symbol
[ERROR]   symbol:   method getStatus()
[ERROR]   location: variable refreshToken of type com.sentinel.auth.entity.RefreshTokenEntity
[ERROR] /C:/Users/USUARIO/Documents/RIWI/proyecto_ruta_avanzada/sentinel/project-root-java/project/auth-service/src/main/java/com/sentinel/auth/service/impl/AuthServiceImpl.java:[222,25] cannot find symbol
[ERROR]   symbol:   method getStatus()
[ERROR]   location: variable refreshToken of type com.sentinel.auth.entity.RefreshTokenEntity
[ERROR] /C:/Users/USUARIO/Documents/RIWI/proyecto_ruta_avanzada/sentinel/project-root-java/project/auth-service/src/main/java/com/sentinel/auth/service/impl/AuthServiceImpl.java:[227,25] cannot find symbol
[ERROR]   symbol:   method setStatus(com.sentinel.auth.enums.TokenStatus)
[ERROR]   location: variable refreshToken of type com.sentinel.auth.entity.RefreshTokenEntity
[ERROR] /C:/Users/USUARIO/Documents/RIWI/proyecto_ruta_avanzada/sentinel/project-root-java/project/auth-service/src/main/java/com/sentinel/auth/service/impl/AuthServiceImpl.java:[232,63] cannot find symbol
[ERROR]   symbol:   method getUserId()
[ERROR]   location: variable refreshToken of type com.sentinel.auth.entity.RefreshTokenEntity
[ERROR] /C:/Users/USUARIO/Documents/RIWI/proyecto_ruta_avanzada/sentinel/project-root-java/project/auth-service/src/main/java/com/sentinel/auth/service/impl/AuthServiceImpl.java:[234,86] cannot find symbol
[ERROR]   symbol:   method getUserId()
[ERROR]   location: variable refreshToken of type com.sentinel.auth.entity.RefreshTokenEntity
[ERROR] /C:/Users/USUARIO/Documents/RIWI/proyecto_ruta_avanzada/sentinel/project-root-java/project/auth-service/src/main/java/com/sentinel/auth/service/impl/AuthServiceImpl.java:[250,9] cannot find symbol
[ERROR]   symbol:   variable log
[ERROR]   location: class com.sentinel.auth.service.impl.AuthServiceImpl
[ERROR] /C:/Users/USUARIO/Documents/RIWI/proyecto_ruta_avanzada/sentinel/project-root-java/project/auth-service/src/main/java/com/sentinel/auth/service/impl/AuthServiceImpl.java:[252,28] cannot find symbol
[ERROR]   symbol:   method builder()
[ERROR]   location: class com.sentinel.auth.dto.response.AuthResponse
[ERROR] /C:/Users/USUARIO/Documents/RIWI/proyecto_ruta_avanzada/sentinel/project-root-java/project/auth-service/src/main/java/com/sentinel/auth/service/impl/AuthServiceImpl.java:[254,34] cannot find symbol
[ERROR]   symbol:   method getRefreshToken()
[ERROR]   location: variable req of type com.sentinel.auth.dto.request.RefreshTokenRequest
[ERROR] /C:/Users/USUARIO/Documents/RIWI/proyecto_ruta_avanzada/sentinel/project-root-java/project/auth-service/src/main/java/com/sentinel/auth/service/impl/AuthServiceImpl.java:[263,61] cannot find symbol
[ERROR]   symbol:   method builder()
[ERROR]   location: class com.sentinel.auth.entity.RefreshTokenEntity
[ERROR] /C:/Users/USUARIO/Documents/RIWI/proyecto_ruta_avanzada/sentinel/project-root-java/project/auth-service/src/main/java/com/sentinel/auth/scheduler/AccountUnlockScheduler.java:[31,9] cannot find symbol
[ERROR]   symbol:   variable log
[ERROR]   location: class com.sentinel.auth.scheduler.AccountUnlockScheduler
[ERROR] /C:/Users/USUARIO/Documents/RIWI/proyecto_ruta_avanzada/sentinel/project-root-java/project/auth-service/src/main/java/com/sentinel/auth/scheduler/AccountUnlockScheduler.java:[41,17] cannot find symbol
[ERROR]   symbol:   variable log
[ERROR]   location: class com.sentinel.auth.scheduler.AccountUnlockScheduler
[ERROR] /C:/Users/USUARIO/Documents/RIWI/proyecto_ruta_avanzada/sentinel/project-root-java/project/auth-service/src/main/java/com/sentinel/auth/scheduler/AccountUnlockScheduler.java:[44,13] cannot find symbol
[ERROR]   symbol:   variable log
[ERROR]   location: class com.sentinel.auth.scheduler.AccountUnlockScheduler
[ERROR] /C:/Users/USUARIO/Documents/RIWI/proyecto_ruta_avanzada/sentinel/project-root-java/project/auth-service/src/main/java/com/sentinel/auth/controller/TwoFactorAuthController.java:[81,75] cannot find symbol
[ERROR]   symbol:   method getCode()
[ERROR]   location: variable request of type com.sentinel.auth.dto.request.Verify2FARequest
[ERROR] /C:/Users/USUARIO/Documents/RIWI/proyecto_ruta_avanzada/sentinel/project-root-java/project/auth-service/src/main/java/com/sentinel/auth/service/impl/TwoFactorAuthServiceImpl.java:[43,9] cannot find symbol
[ERROR]   symbol:   variable log
[ERROR]   location: class com.sentinel.auth.service.impl.TwoFactorAuthServiceImpl
[ERROR] /C:/Users/USUARIO/Documents/RIWI/proyecto_ruta_avanzada/sentinel/project-root-java/project/auth-service/src/main/java/com/sentinel/auth/service/impl/TwoFactorAuthServiceImpl.java:[73,9] cannot find symbol
[ERROR]   symbol:   variable log
[ERROR]   location: class com.sentinel.auth.service.impl.TwoFactorAuthServiceImpl
[ERROR] /C:/Users/USUARIO/Documents/RIWI/proyecto_ruta_avanzada/sentinel/project-root-java/project/auth-service/src/main/java/com/sentinel/auth/service/impl/TwoFactorAuthServiceImpl.java:[75,38] cannot find symbol
[ERROR]   symbol:   method builder()
[ERROR]   location: class com.sentinel.auth.dto.response.TwoFactorSetupResponse
[ERROR] /C:/Users/USUARIO/Documents/RIWI/proyecto_ruta_avanzada/sentinel/project-root-java/project/auth-service/src/main/java/com/sentinel/auth/service/impl/TwoFactorAuthServiceImpl.java:[87,9] cannot find symbol
[ERROR]   symbol:   variable log
[ERROR]   location: class com.sentinel.auth.service.impl.TwoFactorAuthServiceImpl
[ERROR] /C:/Users/USUARIO/Documents/RIWI/proyecto_ruta_avanzada/sentinel/project-root-java/project/auth-service/src/main/java/com/sentinel/auth/service/impl/TwoFactorAuthServiceImpl.java:[97,27] cannot find symbol
[ERROR]   symbol:   method getSecret()
[ERROR]   location: variable enableRequest of type com.sentinel.auth.dto.request.Enable2FARequest
[ERROR] /C:/Users/USUARIO/Documents/RIWI/proyecto_ruta_avanzada/sentinel/project-root-java/project/auth-service/src/main/java/com/sentinel/auth/service/impl/TwoFactorAuthServiceImpl.java:[102,49] cannot find symbol
[ERROR]   symbol:   method getCode()
[ERROR]   location: variable enableRequest of type com.sentinel.auth.dto.request.Enable2FARequest
[ERROR] /C:/Users/USUARIO/Documents/RIWI/proyecto_ruta_avanzada/sentinel/project-root-java/project/auth-service/src/main/java/com/sentinel/auth/service/impl/TwoFactorAuthServiceImpl.java:[122,9] cannot find symbol
[ERROR]   symbol:   variable log
[ERROR]   location: class com.sentinel.auth.service.impl.TwoFactorAuthServiceImpl
[ERROR] /C:/Users/USUARIO/Documents/RIWI/proyecto_ruta_avanzada/sentinel/project-root-java/project/auth-service/src/main/java/com/sentinel/auth/service/impl/TwoFactorAuthServiceImpl.java:[128,9] cannot find symbol
[ERROR]   symbol:   variable log
[ERROR]   location: class com.sentinel.auth.service.impl.TwoFactorAuthServiceImpl
[ERROR] /C:/Users/USUARIO/Documents/RIWI/proyecto_ruta_avanzada/sentinel/project-root-java/project/auth-service/src/main/java/com/sentinel/auth/service/impl/TwoFactorAuthServiceImpl.java:[159,9] cannot find symbol
[ERROR]   symbol:   variable log
[ERROR]   location: class com.sentinel.auth.service.impl.TwoFactorAuthServiceImpl
[ERROR] /C:/Users/USUARIO/Documents/RIWI/proyecto_ruta_avanzada/sentinel/project-root-java/project/auth-service/src/main/java/com/sentinel/auth/controller/OAuth2Controller.java:[59,9] cannot find symbol
[ERROR]   symbol:   variable log
[ERROR]   location: class com.sentinel.auth.controller.OAuth2Controller
[ERROR] /C:/Users/USUARIO/Documents/RIWI/proyecto_ruta_avanzada/sentinel/project-root-java/project/auth-service/src/main/java/com/sentinel/auth/controller/OAuth2Controller.java:[75,9] cannot find symbol
[ERROR]   symbol:   variable log
[ERROR]   location: class com.sentinel.auth.controller.OAuth2Controller
[ERROR] /C:/Users/USUARIO/Documents/RIWI/proyecto_ruta_avanzada/sentinel/project-root-java/project/auth-service/src/main/java/com/sentinel/auth/controller/OAuth2Controller.java:[89,30] cannot find symbol
[ERROR]   symbol:   method builder()
[ERROR]   location: class com.sentinel.auth.dto.response.OAuth2UserInfo
[ERROR] /C:/Users/USUARIO/Documents/RIWI/proyecto_ruta_avanzada/sentinel/project-root-java/project/auth-service/src/main/java/com/sentinel/auth/controller/OAuth2Controller.java:[105,30] cannot find symbol
[ERROR]   symbol:   method builder()
[ERROR]   location: class com.sentinel.auth.dto.response.OAuth2UserInfo
[ERROR] /C:/Users/USUARIO/Documents/RIWI/proyecto_ruta_avanzada/sentinel/project-root-java/project/auth-service/src/main/java/com/sentinel/auth/service/impl/PasswordResetServiceImpl.java:[51,9] cannot find symbol
[ERROR]   symbol:   variable log
[ERROR]   location: class com.sentinel.auth.service.impl.PasswordResetServiceImpl
[ERROR] /C:/Users/USUARIO/Documents/RIWI/proyecto_ruta_avanzada/sentinel/project-root-java/project/auth-service/src/main/java/com/sentinel/auth/service/impl/PasswordResetServiceImpl.java:[51,63] cannot find symbol
[ERROR]   symbol:   method getEmail()
[ERROR]   location: variable req of type com.sentinel.auth.dto.request.ForgotPasswordRequest
[ERROR] /C:/Users/USUARIO/Documents/RIWI/proyecto_ruta_avanzada/sentinel/project-root-java/project/auth-service/src/main/java/com/sentinel/auth/service/impl/PasswordResetServiceImpl.java:[54,57] cannot find symbol
[ERROR]   symbol:   method getEmail()
[ERROR]   location: variable req of type com.sentinel.auth.dto.request.ForgotPasswordRequest
[ERROR] /C:/Users/USUARIO/Documents/RIWI/proyecto_ruta_avanzada/sentinel/project-root-java/project/auth-service/src/main/java/com/sentinel/auth/service/impl/PasswordResetServiceImpl.java:[56,68] cannot find symbol
[ERROR]   symbol:   method getEmail()
[ERROR]   location: variable req of type com.sentinel.auth.dto.request.ForgotPasswordRequest
[ERROR] /C:/Users/USUARIO/Documents/RIWI/proyecto_ruta_avanzada/sentinel/project-root-java/project/auth-service/src/main/java/com/sentinel/auth/service/impl/PasswordResetServiceImpl.java:[71,71] cannot find symbol
[ERROR]   symbol:   method builder()
[ERROR]   location: class com.sentinel.auth.entity.PasswordResetTokenEntity
[ERROR] /C:/Users/USUARIO/Documents/RIWI/proyecto_ruta_avanzada/sentinel/project-root-java/project/auth-service/src/main/java/com/sentinel/auth/service/impl/PasswordResetServiceImpl.java:[86,13] cannot find symbol
[ERROR]   symbol:   variable log
[ERROR]   location: class com.sentinel.auth.service.impl.PasswordResetServiceImpl
[ERROR] /C:/Users/USUARIO/Documents/RIWI/proyecto_ruta_avanzada/sentinel/project-root-java/project/auth-service/src/main/java/com/sentinel/auth/service/impl/PasswordResetServiceImpl.java:[88,13] cannot find symbol
[ERROR]   symbol:   variable log
[ERROR]   location: class com.sentinel.auth.service.impl.PasswordResetServiceImpl
[ERROR] /C:/Users/USUARIO/Documents/RIWI/proyecto_ruta_avanzada/sentinel/project-root-java/project/auth-service/src/main/java/com/sentinel/auth/service/impl/PasswordResetServiceImpl.java:[104,37] cannot find symbol
[ERROR]   symbol:   method builder()
[ERROR]   location: class com.sentinel.auth.dto.response.PasswordResetResponse
[ERROR] /C:/Users/USUARIO/Documents/RIWI/proyecto_ruta_avanzada/sentinel/project-root-java/project/auth-service/src/main/java/com/sentinel/auth/service/impl/PasswordResetServiceImpl.java:[114,9] cannot find symbol
[ERROR]   symbol:   variable log
[ERROR]   location: class com.sentinel.auth.service.impl.PasswordResetServiceImpl
[ERROR] /C:/Users/USUARIO/Documents/RIWI/proyecto_ruta_avanzada/sentinel/project-root-java/project/auth-service/src/main/java/com/sentinel/auth/service/impl/PasswordResetServiceImpl.java:[117,17] cannot find symbol
[ERROR]   symbol:   method getNewPassword()
[ERROR]   location: variable req of type com.sentinel.auth.dto.request.ResetPasswordRequest
[ERROR] /C:/Users/USUARIO/Documents/RIWI/proyecto_ruta_avanzada/sentinel/project-root-java/project/auth-service/src/main/java/com/sentinel/auth/service/impl/PasswordResetServiceImpl.java:[117,45] cannot find symbol
[ERROR]   symbol:   method getConfirmPassword()
[ERROR]   location: variable req of type com.sentinel.auth.dto.request.ResetPasswordRequest
[ERROR] /C:/Users/USUARIO/Documents/RIWI/proyecto_ruta_avanzada/sentinel/project-root-java/project/auth-service/src/main/java/com/sentinel/auth/service/impl/PasswordResetServiceImpl.java:[123,42] cannot find symbol
[ERROR]   symbol:   method getToken()
[ERROR]   location: variable req of type com.sentinel.auth.dto.request.ResetPasswordRequest
[ERROR] /C:/Users/USUARIO/Documents/RIWI/proyecto_ruta_avanzada/sentinel/project-root-java/project/auth-service/src/main/java/com/sentinel/auth/service/impl/PasswordResetServiceImpl.java:[132,61] cannot find symbol
[ERROR]   symbol:   method getUserId()
[ERROR]   location: variable resetToken of type com.sentinel.auth.entity.PasswordResetTokenEntity
[ERROR] /C:/Users/USUARIO/Documents/RIWI/proyecto_ruta_avanzada/sentinel/project-root-java/project/auth-service/src/main/java/com/sentinel/auth/service/impl/PasswordResetServiceImpl.java:[136,40] cannot find symbol
[ERROR]   symbol:   method getNewPassword()
[ERROR]   location: variable req of type com.sentinel.auth.dto.request.ResetPasswordRequest
[ERROR] -> [Help 1]
[ERROR] 
[ERROR] To see the full stack trace of the errors, re-run Maven with the -e switch.
[ERROR] Re-run Maven using the -X switch to enable full debug logging.
[ERROR] 
[ERROR] For more information about the errors and possible solutions, please read the following articles:
[ERROR] [Help 1] http://cwiki.apache.org/confluence/display/MAVEN/MojoFailureException
